  Ball.cpp
E:\Esne\4\C++\Animacion 3d Avanzada\Practica1\Practica1\2D\7 box2d forces\code\Ball.h(60,1): warning C4305: 'argumento': truncamiento de 'double' a 'float'
  Joint_Object.cpp
  main.cpp
E:\Esne\4\C++\Animacion 3d Avanzada\Practica1\Practica1\2D\7 box2d forces\code\Ball.h(60,1): warning C4305: 'argumento': truncamiento de 'double' a 'float'
E:\Esne\4\C++\Animacion 3d Avanzada\Practica1\Practica1\2D\7 box2d forces\code\main.cpp(151,82): warning C4305: 'argumento': truncamiento de 'double' a 'float'
E:\Esne\4\C++\Animacion 3d Avanzada\Practica1\Practica1\2D\7 box2d forces\code\main.cpp(171,90): warning C4305: 'argumento': truncamiento de 'double' a 'float'
E:\Esne\4\C++\Animacion 3d Avanzada\Practica1\Practica1\2D\7 box2d forces\code\main.cpp(174,96): warning C4305: 'argumento': truncamiento de 'double' a 'float'
E:\Esne\4\C++\Animacion 3d Avanzada\Practica1\Practica1\2D\7 box2d forces\code\main.cpp(181,91): warning C4305: 'argumento': truncamiento de 'double' a 'float'
E:\Esne\4\C++\Animacion 3d Avanzada\Practica1\Practica1\2D\7 box2d forces\code\main.cpp(326,87): warning C4305: 'argumento': truncamiento de 'double' a 'float'
E:\Esne\4\C++\Animacion 3d Avanzada\Practica1\Practica1\2D\7 box2d forces\code\main.cpp(329,88): warning C4305: 'argumento': truncamiento de 'double' a 'float'
E:\Esne\4\C++\Animacion 3d Avanzada\Practica1\Practica1\2D\7 box2d forces\code\main.cpp(337,83): warning C4305: 'argumento': truncamiento de 'double' a 'float'
E:\Esne\4\C++\Animacion 3d Avanzada\Practica1\Practica1\2D\7 box2d forces\code\main.cpp(351,36): warning C4305: 'argumento': truncamiento de 'double' a 'float'
E:\Esne\4\C++\Animacion 3d Avanzada\Practica1\Practica1\2D\7 box2d forces\code\main.cpp(366,89): warning C4305: 'argumento': truncamiento de 'double' a 'float'
E:\Esne\4\C++\Animacion 3d Avanzada\Practica1\Practica1\2D\7 box2d forces\code\main.cpp(374,80): warning C4305: 'argumento': truncamiento de 'double' a 'float'
E:\Esne\4\C++\Animacion 3d Avanzada\Practica1\Practica1\2D\7 box2d forces\code\main.cpp(374,97): warning C4305: 'argumento': truncamiento de 'double' a 'float'
E:\Esne\4\C++\Animacion 3d Avanzada\Practica1\Practica1\2D\7 box2d forces\code\main.cpp(376,26): warning C4305: 'argumento': truncamiento de 'double' a 'float'
E:\Esne\4\C++\Animacion 3d Avanzada\Practica1\Practica1\2D\7 box2d forces\code\main.cpp(382,77): warning C4305: 'argumento': truncamiento de 'double' a 'float'
  ParticleSystem.cpp
E:\Esne\4\C++\Animacion 3d Avanzada\Practica1\Practica1\2D\7 box2d forces\code\ParticleSystem.cpp(17,32): warning C4244: 'argumento': conversión de 'int' a 'float'; posible pérdida de datos
E:\Esne\4\C++\Animacion 3d Avanzada\Practica1\Practica1\2D\7 box2d forces\code\ParticleSystem.cpp(73,47): warning C4244: 'argumento': conversión de 'float' a 'sf::Uint8'; posible pérdida de datos
E:\Esne\4\C++\Animacion 3d Avanzada\Practica1\Practica1\2D\7 box2d forces\code\ParticleSystem.cpp(97,39): warning C4305: '=': truncamiento de 'double' a 'float'
E:\Esne\4\C++\Animacion 3d Avanzada\Practica1\Practica1\2D\7 box2d forces\code\ParticleSystem.cpp(100,46): warning C4305: '=': truncamiento de 'double' a 'float'
  ParticleSystemManager.cpp
E:\Esne\4\C++\Animacion 3d Avanzada\Practica1\Practica1\2D\7 box2d forces\code\ParticleSystemManager.cpp(43,46): warning C4244: 'argumento': conversión de 'int' a 'float'; posible pérdida de datos
  Polygon.cpp
E:\Esne\4\C++\Animacion 3d Avanzada\Practica1\Practica1\2D\7 box2d forces\code\Polygon.cpp(63,35): warning C4305: '=': truncamiento de 'double' a 'float'
  Generando código
  Previous IPDB not found, fall back to full compilation.
  All 366 functions were compiled because no usable IPDB/IOBJ from previous compilation was found.
  Generación de código finalizada
  Box2D.vcxproj -> E:\Esne\4\C++\Animacion 3d Avanzada\Practica1\Practica1\2D\7 box2d forces\projects\vs-2019\x64\Release\Box2D.exe
